<?xml version="1.0" encoding="UTF-8"?>
<!-- Generated by org.testng.reporters.JUnitXMLReporter -->
<testsuite ignored="6" hostname="optimist2309-Inspiron-15-3567" failures="0" tests="3" name="Goibiobo Booking Automation" time="73.287" errors="0" timestamp="2019-09-05T16:44:56 IST">
  <testcase classname="com.goibibo.tests.FlightSearchTest" name="init" time="48.986"/>
  <testcase classname="com.goibibo.tests.FlightSelectionTest" name="init" time="17.145"/>
  <testcase classname="com.goibibo.tests.FlightReviewTest" name="init" time="7.09"/>
  <testcase classname="com.goibibo.base.TestBase" name="@BeforeSuite initialize" time="0.0">
    <ignored/>
  </testcase> <!-- @BeforeSuite initialize -->
  <testcase classname="com.goibibo.base.TestBase" name="@BeforeSuite initialize" time="0.0">
    <ignored/>
  </testcase> <!-- @BeforeSuite initialize -->
  <testcase classname="com.goibibo.base.TestBase" name="@BeforeSuite initialize" time="0.0">
    <ignored/>
  </testcase> <!-- @BeforeSuite initialize -->
  <testcase classname="com.goibibo.base.TestBase" name="@AfterSuite TeardownTest" time="0.0">
    <ignored/>
  </testcase> <!-- @AfterSuite TeardownTest -->
  <testcase classname="com.goibibo.base.TestBase" name="@AfterSuite TeardownTest" time="0.0">
    <ignored/>
  </testcase> <!-- @AfterSuite TeardownTest -->
  <testcase classname="com.goibibo.base.TestBase" name="@AfterSuite TeardownTest" time="0.0">
    <ignored/>
  </testcase> <!-- @AfterSuite TeardownTest -->
</testsuite> <!-- Goibiobo Booking Automation -->
