<?xml version="1.0" encoding="UTF-8"?>
<!-- Generated by org.testng.reporters.JUnitXMLReporter -->
<testsuite ignored="6" hostname="optimist2309-Inspiron-15-3567" failures="0" tests="3" name="Page Object Model Design Pattern" time="26.408" errors="0" timestamp="2019-09-01T13:53:38 IST">
  <testcase classname="com.gmail.tests.GmailLoginTest" name="init" time="2.984"/>
  <testcase classname="com.gmail.tests.GmailComposeMailTest" name="init" time="19.848"/>
  <testcase classname="com.gmail.tests.GmailLogoutTest" name="init" time="3.525"/>
  <testcase classname="com.gmail.basetest.TestBase" name="@BeforeSuite initialize" time="0.0">
    <ignored/>
  </testcase> <!-- @BeforeSuite initialize -->
  <testcase classname="com.gmail.basetest.TestBase" name="@BeforeSuite initialize" time="0.0">
    <ignored/>
  </testcase> <!-- @BeforeSuite initialize -->
  <testcase classname="com.gmail.basetest.TestBase" name="@BeforeSuite initialize" time="0.0">
    <ignored/>
  </testcase> <!-- @BeforeSuite initialize -->
  <testcase classname="com.gmail.basetest.TestBase" name="@AfterSuite TeardownTest" time="0.0">
    <ignored/>
  </testcase> <!-- @AfterSuite TeardownTest -->
  <testcase classname="com.gmail.basetest.TestBase" name="@AfterSuite TeardownTest" time="0.0">
    <ignored/>
  </testcase> <!-- @AfterSuite TeardownTest -->
  <testcase classname="com.gmail.basetest.TestBase" name="@AfterSuite TeardownTest" time="0.0">
    <ignored/>
  </testcase> <!-- @AfterSuite TeardownTest -->
</testsuite> <!-- Page Object Model Design Pattern -->
