<?xml version="1.0" encoding="UTF-8"?>
<testng-results ignored="6" total="9" passed="3" failed="0" skipped="0">
  <reporter-output>
  </reporter-output>
  <suite started-at="2019-09-05T16:43:42 IST" name="Locusnine Goibibo Assignment" finished-at="2019-09-05T16:44:56 IST" duration-ms="73287">
    <groups>
    </groups>
    <test started-at="2019-09-05T16:43:42 IST" name="Goibiobo Booking Automation" finished-at="2019-09-05T16:44:56 IST" duration-ms="73287">
      <class name="com.goibibo.tests.FlightSelectionTest">
        <test-method signature="init()[pri:0, instance:com.goibibo.tests.FlightSelectionTest@3571b748]" started-at="2019-09-05T16:44:31 IST" name="init" finished-at="2019-09-05T16:44:48 IST" duration-ms="17145" status="PASS">
          <reporter-output>
          </reporter-output>
        </test-method> <!-- init -->
      </class> <!-- com.goibibo.tests.FlightSelectionTest -->
      <class name="com.goibibo.tests.FlightReviewTest">
        <test-method signature="init()[pri:0, instance:com.goibibo.tests.FlightReviewTest@3e96bacf]" started-at="2019-09-05T16:44:48 IST" name="init" finished-at="2019-09-05T16:44:56 IST" duration-ms="7090" status="PASS">
          <reporter-output>
          </reporter-output>
        </test-method> <!-- init -->
      </class> <!-- com.goibibo.tests.FlightReviewTest -->
      <class name="com.goibibo.tests.FlightSearchTest">
        <test-method signature="init()[pri:0, instance:com.goibibo.tests.FlightSearchTest@fd07cbb]" started-at="2019-09-05T16:43:42 IST" name="init" finished-at="2019-09-05T16:44:31 IST" duration-ms="48986" status="PASS">
          <reporter-output>
          </reporter-output>
        </test-method> <!-- init -->
      </class> <!-- com.goibibo.tests.FlightSearchTest -->
      <class name="com.goibibo.base.TestBase">
        <test-method is-config="true" signature="initialize()[pri:0, instance:com.goibibo.base.TestBase@2b4bac49]" started-at="2019-09-05T16:43:07 IST" name="initialize" finished-at="2019-09-05T16:43:42 IST" duration-ms="35527" status="PASS">
          <reporter-output>
          </reporter-output>
        </test-method> <!-- initialize -->
        <test-method is-config="true" signature="TeardownTest()[pri:0, instance:com.goibibo.base.TestBase@2b4bac49]" started-at="2019-09-05T16:44:56 IST" name="TeardownTest" finished-at="2019-09-05T16:44:56 IST" duration-ms="144" status="PASS">
          <reporter-output>
          </reporter-output>
        </test-method> <!-- TeardownTest -->
      </class> <!-- com.goibibo.base.TestBase -->
    </test> <!-- Goibiobo Booking Automation -->
  </suite> <!-- Locusnine Goibibo Assignment -->
</testng-results>
