<?xml version="1.0" encoding="UTF-8"?>
<!-- Generated by org.testng.reporters.JUnitXMLReporter -->
<testsuite ignored="4" hostname="optimist2309-Inspiron-15-3567" failures="0" tests="2" name="Page Object Model Design Pattern" time="63.506" errors="0" timestamp="2019-09-04T20:35:51 IST">
  <testcase classname="com.goibibo.tests.FlightSearchTest" name="init" time="49.585"/>
  <testcase classname="com.goibibo.tests.FlightSelectionTest" name="init" time="13.84"/>
  <testcase classname="com.goibibo.base.TestBase" name="@BeforeSuite initialize" time="0.0">
    <ignored/>
  </testcase> <!-- @BeforeSuite initialize -->
  <testcase classname="com.goibibo.base.TestBase" name="@BeforeSuite initialize" time="0.0">
    <ignored/>
  </testcase> <!-- @BeforeSuite initialize -->
  <testcase classname="com.goibibo.base.TestBase" name="@AfterSuite TeardownTest" time="0.0">
    <ignored/>
  </testcase> <!-- @AfterSuite TeardownTest -->
  <testcase classname="com.goibibo.base.TestBase" name="@AfterSuite TeardownTest" time="0.0">
    <ignored/>
  </testcase> <!-- @AfterSuite TeardownTest -->
</testsuite> <!-- Page Object Model Design Pattern -->
