<?xml version="1.0" encoding="UTF-8"?>
<!-- Generated by org.testng.reporters.JUnitXMLReporter -->
<testsuite ignored="6" hostname="optimist2309-Inspiron-15-3567" failures="0" tests="3" name="Page Object Model Project" time="37.292" errors="0" timestamp="2019-09-01T13:38:15 IST">
  <testcase classname="com.gmail.tests.GmailLoginTest" name="init" time="3.853"/>
  <testcase classname="com.gmail.tests.GmailComposeMailTest" name="init" time="28.851"/>
  <testcase classname="com.gmail.tests.GmailLogoutTest" name="init" time="4.53"/>
  <testcase classname="com.gmail.basetest.TestBase" name="@BeforeSuite initialize" time="0.0">
    <ignored/>
  </testcase> <!-- @BeforeSuite initialize -->
  <testcase classname="com.gmail.basetest.TestBase" name="@BeforeSuite initialize" time="0.0">
    <ignored/>
  </testcase> <!-- @BeforeSuite initialize -->
  <testcase classname="com.gmail.basetest.TestBase" name="@BeforeSuite initialize" time="0.0">
    <ignored/>
  </testcase> <!-- @BeforeSuite initialize -->
  <testcase classname="com.gmail.basetest.TestBase" name="@AfterSuite TeardownTest" time="0.0">
    <ignored/>
  </testcase> <!-- @AfterSuite TeardownTest -->
  <testcase classname="com.gmail.basetest.TestBase" name="@AfterSuite TeardownTest" time="0.0">
    <ignored/>
  </testcase> <!-- @AfterSuite TeardownTest -->
  <testcase classname="com.gmail.basetest.TestBase" name="@AfterSuite TeardownTest" time="0.0">
    <ignored/>
  </testcase> <!-- @AfterSuite TeardownTest -->
</testsuite> <!-- Page Object Model Project -->
